#
# There is insufficient memory for the Java Runtime Environment to continue.
# Native memory allocation (mmap) failed to map 1069547520 bytes for Failed to commit area from 0x0000000404c00000 to 0x0000000444800000 of length 1069547520.
# Possible reasons:
#   The system is out of physical RAM or swap space
#   The process is running with CompressedOops enabled, and the Java Heap may be blocking the growth of the native heap
# Possible solutions:
#   Reduce memory load on the system
#   Increase physical memory or swap space
#   Check if swap backing store is full
#   Decrease Java heap size (-Xmx/-Xms)
#   Decrease number of Java threads
#   Decrease Java thread stack sizes (-Xss)
#   Set larger code cache with -XX:ReservedCodeCacheSize=
#   JVM is running with Zero Based Compressed Oops mode in which the Java heap is
#     placed in the first 32GB address space. The Java Heap base address is the
#     maximum limit for the native heap growth. Please use -XX:HeapBaseMinAddress
#     to set the Java Heap base and to place the Java Heap above 32GB virtual address.
# This output file may be truncated or incomplete.
#
#  Out of Memory Error (./open/src/hotspot/os/windows/os_windows.cpp:3315), pid=28292, tid=2352
#
# JRE version:  (14.0.1+7) (build )
# Java VM: OpenJDK 64-Bit Server VM (14.0.1+7, mixed mode, sharing, tiered, compressed oops, g1 gc, windows-amd64)
# No core dump will be written. Minidumps are not enabled by default on client versions of Windows
#

---------------  S U M M A R Y ------------

Command Line: -javaagent:D:\Felix\Programming\JetBrains Suite\apps\IDEA-U\ch-0\201.7846.76\lib\idea_rt.jar=58755:D:\Felix\Programming\JetBrains Suite\apps\IDEA-U\ch-0\201.7846.76\bin -Dfile.encoding=UTF-8 Qutlin.NoiseKt

Host: Intel(R) Core(TM) i7-7820X CPU @ 3.60GHz, 16 cores, 63G,  Windows 10 , 64 bit Build 18362 (10.0.18362.900)
Time: Mon Jul  6 10:09:15 2020 Eastern Daylight Time elapsed time: 0 seconds (0d 0h 0m 0s)

---------------  T H R E A D  ---------------

Current thread (0x0000027f8fd82800):  JavaThread "Unknown thread" [_thread_in_vm, id=2352, stack(0x000000a17b100000,0x000000a17b200000)]

Stack: [0x000000a17b100000,0x000000a17b200000]
Native frames: (J=compiled Java code, j=interpreted, Vv=VM code, C=native code)
V  [jvm.dll+0x5f840a]
V  [jvm.dll+0x741e4a]
V  [jvm.dll+0x7435ff]
V  [jvm.dll+0x743c43]
V  [jvm.dll+0x20d288]
V  [jvm.dll+0x5f57ba]
V  [jvm.dll+0x5ea615]
V  [jvm.dll+0x2c7e9c]
V  [jvm.dll+0x2c7cd2]
V  [jvm.dll+0x2cdbbc]
V  [jvm.dll+0x313ff8]
V  [jvm.dll+0x313720]
V  [jvm.dll+0x2a092a]
V  [jvm.dll+0x2a1a79]
V  [jvm.dll+0x71f718]
V  [jvm.dll+0x321c44]
V  [jvm.dll+0x700b0c]
V  [jvm.dll+0x392dff]
V  [jvm.dll+0x394e71]
C  [jli.dll+0x523b]
C  [ucrtbase.dll+0x20e82]
C  [KERNEL32.DLL+0x17bd4]
C  [ntdll.dll+0x6ce51]


---------------  P R O C E S S  ---------------

Threads class SMR info:
_java_thread_list=0x00007ffb6f6b3078, length=0, elements={
}

Java Threads: ( => current thread )

Other Threads:
  0x0000027f8fe4e800 GCTaskThread "GC Thread#0" [stack: 0x000000a17b200000,0x000000a17b300000] [id=35788]
  0x0000027fcdc82800 ConcurrentGCThread "G1 Main Marker" [stack: 0x000000a17b300000,0x000000a17b400000] [id=15912]
  0x0000027fcdc84800 ConcurrentGCThread "G1 Conc#0" [stack: 0x000000a17b400000,0x000000a17b500000] [id=36316]

[error occurred during error reporting (printing all threads), id 0xc0000005, EXCEPTION_ACCESS_VIOLATION (0xc0000005) at pc=0x00007ffb6eee1257]

VM state:not at safepoint (not fully initialized)

VM Mutex/Monitor currently owned by a thread:  ([mutex/lock_event])
[0x0000027f8fd7de80] Heap_lock - owner thread: 0x0000027f8fd82800

Heap address: 0x0000000404c00000, size: 16308 MB, Compressed Oops mode: Zero based, Oop shift amount: 3
Narrow klass base: 0x0000000000000000, Narrow klass shift: 0

GC Heap History (0 events):
No events

Deoptimization events (0 events):
No events

Classes unloaded (0 events):
No events

Classes redefined (0 events):
No events

Internal exceptions (0 events):
No events

Events (2 events):
Event: 0.005 Loaded shared library C:\Users\Felix Fehse\.jdks\openjdk-14.0.1\bin\java.dll
Event: 0.006 Loaded shared library C:\Users\Felix Fehse\.jdks\openjdk-14.0.1\bin\zip.dll


Dynamic libraries:
0x00007ff6c1bd0000 - 0x00007ff6c1bdd000 	C:\Users\Felix Fehse\.jdks\openjdk-14.0.1\bin\java.exe
0x00007ffbbefc0000 - 0x00007ffbbf1b0000 	C:\WINDOWS\SYSTEM32\ntdll.dll
0x00007ffbbe3c0000 - 0x00007ffbbe472000 	C:\WINDOWS\System32\KERNEL32.DLL
0x00007ffbbc4e0000 - 0x00007ffbbc784000 	C:\WINDOWS\System32\KERNELBASE.dll
0x00007ffbbc160000 - 0x00007ffbbc25a000 	C:\WINDOWS\System32\ucrtbase.dll
0x00007ffbb1d90000 - 0x00007ffbb1da8000 	C:\Users\Felix Fehse\.jdks\openjdk-14.0.1\bin\jli.dll
0x00007ffbb1d70000 - 0x00007ffbb1d85000 	C:\Users\Felix Fehse\.jdks\openjdk-14.0.1\bin\VCRUNTIME140.dll
0x00007ffbbe730000 - 0x00007ffbbe8c4000 	C:\WINDOWS\System32\USER32.dll
0x00007ffbbd040000 - 0x00007ffbbd061000 	C:\WINDOWS\System32\win32u.dll
0x00007ffbab3d0000 - 0x00007ffbab654000 	C:\WINDOWS\WinSxS\amd64_microsoft.windows.common-controls_6595b64144ccf1df_6.0.18362.900_none_e6beb9d913147d17\COMCTL32.dll
0x00007ffbbee00000 - 0x00007ffbbee26000 	C:\WINDOWS\System32\GDI32.dll
0x00007ffbbe690000 - 0x00007ffbbe72e000 	C:\WINDOWS\System32\msvcrt.dll
0x00007ffbbbf50000 - 0x00007ffbbc0e5000 	C:\WINDOWS\System32\gdi32full.dll
0x00007ffbbe8d0000 - 0x00007ffbbec05000 	C:\WINDOWS\System32\combase.dll
0x00007ffbbc410000 - 0x00007ffbbc4ae000 	C:\WINDOWS\System32\msvcp_win.dll
0x00007ffbbe2a0000 - 0x00007ffbbe3c0000 	C:\WINDOWS\System32\RPCRT4.dll
0x00007ffbbc790000 - 0x00007ffbbc810000 	C:\WINDOWS\System32\bcryptPrimitives.dll
0x00007ffbbec70000 - 0x00007ffbbec9e000 	C:\WINDOWS\System32\IMM32.DLL
0x00007ffb90ed0000 - 0x00007ffb90f6b000 	C:\Users\Felix Fehse\.jdks\openjdk-14.0.1\bin\msvcp140.dll
0x00007ffb6ec30000 - 0x00007ffb6f74e000 	C:\Users\Felix Fehse\.jdks\openjdk-14.0.1\bin\server\jvm.dll
0x00007ffbbee30000 - 0x00007ffbbeed3000 	C:\WINDOWS\System32\ADVAPI32.dll
0x00007ffbbdb70000 - 0x00007ffbbdc07000 	C:\WINDOWS\System32\sechost.dll
0x00007ffbbe480000 - 0x00007ffbbe488000 	C:\WINDOWS\System32\PSAPI.DLL
0x00007ffb93010000 - 0x00007ffb93019000 	C:\WINDOWS\SYSTEM32\WSOCK32.dll
0x00007ffbb7eb0000 - 0x00007ffbb7eba000 	C:\WINDOWS\SYSTEM32\VERSION.dll
0x00007ffbadba0000 - 0x00007ffbadbc4000 	C:\WINDOWS\SYSTEM32\WINMM.dll
0x00007ffbbddc0000 - 0x00007ffbbde2f000 	C:\WINDOWS\System32\WS2_32.dll
0x00007ffbab0f0000 - 0x00007ffbab11d000 	C:\WINDOWS\SYSTEM32\winmmbase.dll
0x00007ffbbc0f0000 - 0x00007ffbbc13a000 	C:\WINDOWS\System32\cfgmgr32.dll
0x00007ffbbbf30000 - 0x00007ffbbbf41000 	C:\WINDOWS\System32\kernel.appcore.dll
0x00007ffbb1d60000 - 0x00007ffbb1d6a000 	C:\Users\Felix Fehse\.jdks\openjdk-14.0.1\bin\jimage.dll
0x00007ffbb70f0000 - 0x00007ffbb72e4000 	C:\WINDOWS\SYSTEM32\DBGHELP.DLL
0x00007ffbb6eb0000 - 0x00007ffbb6eda000 	C:\WINDOWS\SYSTEM32\dbgcore.DLL
0x00007ffbb7d40000 - 0x00007ffbb7d4e000 	C:\Users\Felix Fehse\.jdks\openjdk-14.0.1\bin\instrument.dll
0x00007ffbb1d30000 - 0x00007ffbb1d55000 	C:\Users\Felix Fehse\.jdks\openjdk-14.0.1\bin\java.dll
0x00007ffbb1220000 - 0x00007ffbb1236000 	C:\Users\Felix Fehse\.jdks\openjdk-14.0.1\bin\zip.dll

dbghelp: loaded successfully - version: 4.0.5 - missing functions: none
symbol engine: initialized successfully - sym options: 0x614 - pdb path: .;C:\Users\Felix Fehse\.jdks\openjdk-14.0.1\bin;C:\WINDOWS\SYSTEM32;C:\WINDOWS\WinSxS\amd64_microsoft.windows.common-controls_6595b64144ccf1df_6.0.18362.900_none_e6beb9d913147d17;C:\Users\Felix Fehse\.jdks\openjdk-14.0.1\bin\server

VM Arguments:
jvm_args: -javaagent:D:\Felix\Programming\JetBrains Suite\apps\IDEA-U\ch-0\201.7846.76\lib\idea_rt.jar=58755:D:\Felix\Programming\JetBrains Suite\apps\IDEA-U\ch-0\201.7846.76\bin -Dfile.encoding=UTF-8 
java_command: Qutlin.NoiseKt
java_class_path (initial): X:\OneDrive\CloudBox\Kutlin\kutlin\out\production\Kotlin BlochSolver;D:\Felix\Programming\JetBrains Suite\apps\IDEA-U\ch-0\201.7846.76.plugins\Kotlin\kotlinc\lib\kotlin-stdlib.jar;D:\Felix\Programming\JetBrains Suite\apps\IDEA-U\ch-0\201.7846.76.plugins\Kotlin\kotlinc\lib\kotlin-reflect.jar;D:\Felix\Programming\JetBrains Suite\apps\IDEA-U\ch-0\201.7846.76.plugins\Kotlin\kotlinc\lib\kotlin-test.jar;D:\Felix\Programming\JetBrains Suite\apps\IDEA-U\ch-0\201.7846.76.plugins\Kotlin\kotlinc\lib\kotlin-stdlib-jdk7.jar;D:\Felix\Programming\JetBrains Suite\apps\IDEA-U\ch-0\201.7846.76.plugins\Kotlin\kotlinc\lib\kotlin-stdlib-jdk8.jar;X:\OneDrive\CloudBox\Kutlin\kutlin\tornadofx-1.7.19.jar;X:\OneDrive\CloudBox\Kutlin\kutlin\openjfx-13_windows-x64_bin-sdk\javafx-sdk-13\lib\javafx-swt.jar;X:\OneDrive\CloudBox\Kutlin\kutlin\openjfx-13_windows-x64_bin-sdk\javafx-sdk-13\lib\javafx.base.jar;X:\OneDrive\CloudBox\Kutlin\kutlin\openjfx-13_windows-x64_bin-sdk\javafx-sdk-13\lib\javafx.controls.jar;X:\OneDrive\CloudBox\Kutlin\kutlin\openjfx-13_windows-x64_bin-sdk\javafx-sdk-13\lib\javafx.fxml.jar;X:\OneDrive\CloudBox\Kutlin\kutlin\openjfx-13_windows-x64_bin-sdk\javafx-sdk-13\lib\javafx.graphics.jar;X:\OneDrive\CloudBox\Kutlin\kutlin\openjfx-13_windows-x64_bin-sdk\javafx-sdk-13\lib\javafx.media.jar;X:\OneDrive\CloudBox\Kutlin\kutlin\openjfx-13_windows-x64_bin-sdk\javafx-sdk-13\lib\javafx.swing.jar;X:\OneDrive\CloudBox\Kutlin\kutlin\openjfx-13_windows-x64_bin-sdk\javafx-sdk-13\lib\javafx.web.jar;X:\OneDrive\CloudBox\Kutlin\kutlin\lib\kotlinx-coroutines-core-1.2.0.jar;X:\OneDrive\CloudBox\Kutlin\kutlin\lib\kotlin-stdlib-1.3.30.jar;X:\OneDrive\CloudBox\Kutlin\kutlin\lib\annotations-13.0.jar;X:\OneDrive\CloudBox\Kutlin\kutlin\lib\atomicfu-0.12.3.jar;X:\OneDrive\CloudBox\Kutlin\kutlin\lib\kotlin-stdlib-common-1.3.30.jar;X:\OneDrive\CloudBox\Kutlin\kutlin\lib\atomicfu-common-0.12.3.jar;X:\OneDrive\CloudBox\Kutlin\kutlin\hipparchus-1.7-bin\hipparchus-clustering-1.7.j
Launcher Type: SUN_STANDARD

[Global flags]
     intx CICompilerCount                          = 12                                        {product} {ergonomic}
     uint ConcGCThreads                            = 3                                         {product} {ergonomic}
     uint G1ConcRefinementThreads                  = 13                                        {product} {ergonomic}
   size_t G1HeapRegionSize                         = 4194304                                   {product} {ergonomic}
    uintx GCDrainStackTargetSize                   = 64                                        {product} {ergonomic}
   size_t InitialHeapSize                          = 1069547520                                {product} {ergonomic}
   size_t MarkStackSize                            = 4194304                                   {product} {ergonomic}
   size_t MaxHeapSize                              = 17100177408                               {product} {ergonomic}
   size_t MinHeapDeltaBytes                        = 4194304                                   {product} {ergonomic}
   size_t MinHeapSize                              = 8388608                                   {product} {ergonomic}
    uintx NonNMethodCodeHeapSize                   = 7602480                                {pd product} {ergonomic}
    uintx NonProfiledCodeHeapSize                  = 122027880                              {pd product} {ergonomic}
    uintx ProfiledCodeHeapSize                     = 122027880                              {pd product} {ergonomic}
    uintx ReservedCodeCacheSize                    = 251658240                              {pd product} {ergonomic}
     bool SegmentedCodeCache                       = true                                      {product} {ergonomic}
   size_t SoftMaxHeapSize                          = 17100177408                            {manageable} {ergonomic}
     bool UseCompressedClassPointers               = true                                 {lp64_product} {ergonomic}
     bool UseCompressedOops                        = true                                 {lp64_product} {ergonomic}
     bool UseG1GC                                  = true                                      {product} {ergonomic}
     bool UseLargePagesIndividualAllocation        = false                                  {pd product} {ergonomic}

Logging:
Log output configuration:
 #0: stdout all=warning uptime,level,tags
 #1: stderr all=off uptime,level,tags

Environment Variables:
PATH=C:\Python27\;C:\Python27\Scripts;C:\ProgramData\Boxstarter;C:\ProgramData\Oracle\Java\javapath;C:\Windows\System32;C:\Windows;C:\Windows\System32\wbem;C:\Windows\System32\WindowsPowerShell\v1.0\;C:\Program Files (x86)\NVIDIA Corporation\PhysX\Common;C:\Windows\System32;C:\Windows;C:\Windows\System32\wbem;C:\Windows\System32\WindowsPowerShell\v1.0\;C:\Windows\System32\OpenSSH\;C:\Felix\Tools\Boxcryptor\bin\;C:\Felix\Tools\Git\cmd;C:\Program Files\dotnet\;D:\Felix\Programming\Node.js\;C:\ProgramData\chocolatey\bin;;C:\Program Files\NVIDIA Corporation\NVIDIA NvDLISR;C:\Windows\System32;C:\Windows;C:\Windows\System32\wbem;C:\Windows\System32\WindowsPowerShell\v1.0\;C:\Windows\System32\OpenSSH\;C:\Felix\Tools\GnuPG\bin;C:\Program Files\CMake\bin;C:\Program Files (x86)\Intel\Intel(R) Management Engine Components\DAL;C:\Program Files\Intel\Intel(R) Management Engine Components\DAL;C:\Program Files\Microsoft SQL Server\130\Tools\Binn\;C:\Program Files\Microsoft SQL Server\Client SDK\ODBC\170\Tools\Binn\;C:\Users\Felix Fehse\.cargo\bin;C:\Users\Felix Fehse\AppData\Local\Microsoft\WindowsApps;D:\Felix\Informatics\Anaconda3;C:\Felix\Office\Microsoft VS Code\bin;C:\Users\Felix Fehse\.dotnet\tools;C:\Users\Felix Fehse\AppData\Roaming\npm;C:\Users\Felix Fehse\AppData\Local\Microsoft\WindowsApps
USERNAME=Felix Fehse
OS=Windows_NT
PROCESSOR_IDENTIFIER=Intel64 Family 6 Model 85 Stepping 4, GenuineIntel



---------------  S Y S T E M  ---------------

OS: Windows 10 , 64 bit Build 18362 (10.0.18362.900)
OS uptime: 25 days 14:35 hours

CPU:total 16 (initial active 16) (8 cores per cpu, 2 threads per core) family 6 model 85 stepping 4, cmov, cx8, fxsr, mmx, sse, sse2, sse3, ssse3, sse4.1, sse4.2, popcnt, avx, avx2, aes, clmul, erms, rtm, 3dnowpref, lzcnt, ht, tsc, tscinvbit, bmi1, bmi2, adx, fma

Memory: 4k page, system-wide physical 65218M (45038M free)
TotalPageFile size 193218M (AvailPageFile size 691M)
current process WorkingSet (physical memory assigned to process): 10M, peak: 10M
current process commit charge ("private bytes"): 72M, peak: 1092M

vm_info: OpenJDK 64-Bit Server VM (14.0.1+7) for windows-amd64 JRE (14.0.1+7), built on Mar  5 2020 10:30:04 by "mach5one" with MS VC++ 15.9 (VS2017)

END.
